    1024	   8	       128	     0.023 GigaMultsPerSecond
    1024	  32	        32	     0.025 GigaMultsPerSecond
    1024	  64	        16	     0.025 GigaMultsPerSecond
    1024	 128	         8	     0.025 GigaMultsPerSecond
    1024	 256	         4	     0.024 GigaMultsPerSecond
    1024	 512	         2	     0.025 GigaMultsPerSecond
    4096	   8	       512	     0.098 GigaMultsPerSecond
    4096	  32	       128	     0.102 GigaMultsPerSecond
    4096	  64	        64	     0.100 GigaMultsPerSecond
    4096	 128	        32	     0.102 GigaMultsPerSecond
    4096	 256	        16	     0.099 GigaMultsPerSecond
    4096	 512	         8	     0.097 GigaMultsPerSecond
   16384	   8	      2048	     0.391 GigaMultsPerSecond
   16384	  32	       512	     0.411 GigaMultsPerSecond
   16384	  64	       256	     0.405 GigaMultsPerSecond
   16384	 128	       128	     0.407 GigaMultsPerSecond
   16384	 256	        64	     0.397 GigaMultsPerSecond
   16384	 512	        32	     0.418 GigaMultsPerSecond
   65536	   8	      8192	     1.260 GigaMultsPerSecond
   65536	  32	      2048	     1.567 GigaMultsPerSecond
   65536	  64	      1024	     1.621 GigaMultsPerSecond
   65536	 128	       512	     1.646 GigaMultsPerSecond
   65536	 256	       256	     1.695 GigaMultsPerSecond
   65536	 512	       128	     1.647 GigaMultsPerSecond
  262144	   8	     32768	     2.856 GigaMultsPerSecond
  262144	  32	      8192	     4.970 GigaMultsPerSecond
  262144	  64	      4096	     5.846 GigaMultsPerSecond
  262144	 128	      2048	     6.275 GigaMultsPerSecond
  262144	 256	      1024	     6.389 GigaMultsPerSecond
  262144	 512	       512	     6.564 GigaMultsPerSecond
 1048576	   8	    131072	     4.064 GigaMultsPerSecond
 1048576	  32	     32768	    11.230 GigaMultsPerSecond
 1048576	  64	     16384	    15.150 GigaMultsPerSecond
 1048576	 128	      8192	    16.144 GigaMultsPerSecond
 1048576	 256	      4096	    16.367 GigaMultsPerSecond
 1048576	 512	      2048	    14.099 GigaMultsPerSecond
 2097152	   8	    262144	     4.420 GigaMultsPerSecond
 2097152	  32	     65536	    14.184 GigaMultsPerSecond
 2097152	  64	     32768	    21.263 GigaMultsPerSecond
 2097152	 128	     16384	    24.081 GigaMultsPerSecond
 2097152	 256	      8192	    24.338 GigaMultsPerSecond
 2097152	 512	      4096	    24.265 GigaMultsPerSecond
 4194304	   8	    524288	     4.613 GigaMultsPerSecond
 4194304	  32	    131072	    15.848 GigaMultsPerSecond
 4194304	  64	     65536	    27.170 GigaMultsPerSecond
 4194304	 128	     32768	    31.518 GigaMultsPerSecond
 4194304	 256	     16384	    31.856 GigaMultsPerSecond
 4194304	 512	      8192	    31.961 GigaMultsPerSecond
 8388608	   8	   1048576	     4.711 GigaMultsPerSecond
 8388608	  32	    262144	    17.597 GigaMultsPerSecond
 8388608	  64	    131072	    31.876 GigaMultsPerSecond
 8388608	 128	     65536	    38.111 GigaMultsPerSecond
 8388608	 256	     32768	    38.873 GigaMultsPerSecond
 8388608	 512	     16384	    38.497 GigaMultsPerSecond
16777216	   8	   2097152	     4.767 GigaMultsPerSecond
16777216	  32	    524288	    18.424 GigaMultsPerSecond
16777216	  64	    262144	    35.017 GigaMultsPerSecond
16777216	 128	    131072	    42.534 GigaMultsPerSecond
16777216	 256	     65536	    42.465 GigaMultsPerSecond
16777216	 512	     32768	    42.738 GigaMultsPerSecond
