Number of Trials =       1024, Blocksize =        8, MegaTrials/Second =    31.2500, Probability =  23.14%
Number of Trials =       1024, Blocksize =       32, MegaTrials/Second =    30.3030, Probability =  19.14%
Number of Trials =       1024, Blocksize =       64, MegaTrials/Second =    30.3030, Probability =  22.27%
Number of Trials =       1024, Blocksize =      128, MegaTrials/Second =    30.3030, Probability =  20.21%
Number of Trials =       4096, Blocksize =        8, MegaTrials/Second =   117.6471, Probability =  22.14%
Number of Trials =       4096, Blocksize =       32, MegaTrials/Second =   117.6471, Probability =  22.09%
Number of Trials =       4096, Blocksize =       64, MegaTrials/Second =   117.6471, Probability =  22.14%
Number of Trials =       4096, Blocksize =      128, MegaTrials/Second =   125.0000, Probability =  21.63%
Number of Trials =      16384, Blocksize =        8, MegaTrials/Second =   444.4444, Probability =  21.97%
Number of Trials =      16384, Blocksize =       32, MegaTrials/Second =   484.8485, Probability =  22.72%
Number of Trials =      16384, Blocksize =       64, MegaTrials/Second =   484.8485, Probability =  22.01%
Number of Trials =      16384, Blocksize =      128, MegaTrials/Second =   484.8485, Probability =  21.82%
Number of Trials =      65536, Blocksize =        8, MegaTrials/Second =  1313.6626, Probability =  22.48%
Number of Trials =      65536, Blocksize =       32, MegaTrials/Second =  1706.6666, Probability =  22.52%
Number of Trials =      65536, Blocksize =       64, MegaTrials/Second =  1735.5932, Probability =  22.54%
Number of Trials =      65536, Blocksize =      128, MegaTrials/Second =  1482.9833, Probability =  22.57%
Number of Trials =     262144, Blocksize =        8, MegaTrials/Second =  2849.3913, Probability =  22.54%
Number of Trials =     262144, Blocksize =       32, MegaTrials/Second =  5129.6179, Probability =  22.45%
Number of Trials =     262144, Blocksize =       64, MegaTrials/Second =  5626.3735, Probability =  22.53%
Number of Trials =     262144, Blocksize =      128, MegaTrials/Second =  5773.0797, Probability =  22.57%
Number of Trials =    1048576, Blocksize =        8, MegaTrials/Second =  4066.0133, Probability =  22.45%
Number of Trials =    1048576, Blocksize =       32, MegaTrials/Second = 10243.2013, Probability =  22.46%
Number of Trials =    1048576, Blocksize =       64, MegaTrials/Second = 12612.7791, Probability =  22.53%
Number of Trials =    1048576, Blocksize =      128, MegaTrials/Second = 12890.6371, Probability =  22.55%
Number of Trials =    2097152, Blocksize =        8, MegaTrials/Second =  4376.6529, Probability =  22.47%
Number of Trials =    2097152, Blocksize =       32, MegaTrials/Second = 12681.1151, Probability =  22.52%
Number of Trials =    2097152, Blocksize =       64, MegaTrials/Second = 16566.2291, Probability =  22.47%
Number of Trials =    2097152, Blocksize =      128, MegaTrials/Second = 16903.7918, Probability =  22.52%
Number of Trials =    4194304, Blocksize =        8, MegaTrials/Second =  4534.4218, Probability =  22.51%
Number of Trials =    4194304, Blocksize =       32, MegaTrials/Second = 14923.3754, Probability =  22.54%
Number of Trials =    4194304, Blocksize =       64, MegaTrials/Second = 19950.0755, Probability =  22.51%
Number of Trials =    4194304, Blocksize =      128, MegaTrials/Second = 20289.7838, Probability =  22.48%
Number of Trials =    8388608, Blocksize =        8, MegaTrials/Second =  4643.9908, Probability =  22.49%
Number of Trials =    8388608, Blocksize =       32, MegaTrials/Second = 17034.5051, Probability =  22.48%
Number of Trials =    8388608, Blocksize =       64, MegaTrials/Second = 22451.5237, Probability =  22.50%
Number of Trials =    8388608, Blocksize =      128, MegaTrials/Second = 22749.6312, Probability =  22.52%
Number of Trials =   16777216, Blocksize =        8, MegaTrials/Second =  4740.5692, Probability =  22.49%
Number of Trials =   16777216, Blocksize =       32, MegaTrials/Second = 17231.5786, Probability =  22.50%
Number of Trials =   16777216, Blocksize =       64, MegaTrials/Second = 24151.8329, Probability =  22.50%
Number of Trials =   16777216, Blocksize =      128, MegaTrials/Second = 24275.9644, Probability =  22.49%
